0 info it worked if it ends with ok
1 verbose cli [ '/home/linux/.nvm/versions/node/v6.11.2/bin/node',
1 verbose cli   '/home/linux/.nvm/versions/node/v6.11.2/bin/npm',
1 verbose cli   'install' ]
2 info using npm@3.10.10
3 info using node@v6.11.2
4 silly loadCurrentTree Starting
5 silly install loadCurrentTree
6 silly install readLocalPackageData
7 silly install normalizeTree
8 silly loadCurrentTree Finishing
9 silly loadIdealTree Starting
10 silly install loadIdealTree
11 silly cloneCurrentTree Starting
12 silly install cloneCurrentTreeToIdealTree
13 silly cloneCurrentTree Finishing
14 silly loadShrinkwrap Starting
15 silly install loadShrinkwrap
16 silly loadShrinkwrap Finishing
17 silly loadAllDepsIntoIdealTree Starting
18 silly install loadAllDepsIntoIdealTree
19 silly fetchNamedPackageData serve-favicon
20 silly mapToRegistry name serve-favicon
21 silly mapToRegistry using default registry
22 silly mapToRegistry registry https://registry.npmjs.org/
23 silly mapToRegistry data Result {
23 silly mapToRegistry   raw: 'serve-favicon',
23 silly mapToRegistry   scope: null,
23 silly mapToRegistry   escapedName: 'serve-favicon',
23 silly mapToRegistry   name: 'serve-favicon',
23 silly mapToRegistry   rawSpec: '',
23 silly mapToRegistry   spec: 'latest',
23 silly mapToRegistry   type: 'tag' }
24 silly mapToRegistry uri https://registry.npmjs.org/serve-favicon
25 verbose request uri https://registry.npmjs.org/serve-favicon
26 verbose request no auth needed
27 info attempt registry request try #1 at 16:05:10
28 verbose request id 5744391124ffe4d5
29 http request GET https://registry.npmjs.org/serve-favicon
30 info retry will retry, error on last attempt: Error: getaddrinfo EAI_AGAIN registry.npmjs.org:443
31 info attempt registry request try #2 at 16:05:40
32 http request GET https://registry.npmjs.org/serve-favicon
33 info retry will retry, error on last attempt: Error: getaddrinfo EAI_AGAIN registry.npmjs.org:443
34 info attempt registry request try #3 at 16:07:00
35 http request GET https://registry.npmjs.org/serve-favicon
36 silly fetchPackageMetaData Error: getaddrinfo EAI_AGAIN registry.npmjs.org:443
36 silly fetchPackageMetaData     at Object.exports._errnoException (util.js:1020:11)
36 silly fetchPackageMetaData     at errnoException (dns.js:33:15)
36 silly fetchPackageMetaData     at GetAddrInfoReqWrap.onlookup [as oncomplete] (dns.js:76:26)
36 silly fetchPackageMetaData  error for serve-favicon@~2.4.2 { Error: getaddrinfo EAI_AGAIN registry.npmjs.org:443
36 silly fetchPackageMetaData     at Object.exports._errnoException (util.js:1020:11)
36 silly fetchPackageMetaData     at errnoException (dns.js:33:15)
36 silly fetchPackageMetaData     at GetAddrInfoReqWrap.onlookup [as oncomplete] (dns.js:76:26)
36 silly fetchPackageMetaData   code: 'EAI_AGAIN',
36 silly fetchPackageMetaData   errno: 'EAI_AGAIN',
36 silly fetchPackageMetaData   syscall: 'getaddrinfo',
36 silly fetchPackageMetaData   hostname: 'registry.npmjs.org',
36 silly fetchPackageMetaData   host: 'registry.npmjs.org',
36 silly fetchPackageMetaData   port: 443 }
37 silly rollbackFailedOptional Starting
38 silly rollbackFailedOptional Finishing
39 silly runTopLevelLifecycles Finishing
40 silly install printInstalled
41 verbose stack Error: getaddrinfo EAI_AGAIN registry.npmjs.org:443
41 verbose stack     at Object.exports._errnoException (util.js:1020:11)
41 verbose stack     at errnoException (dns.js:33:15)
41 verbose stack     at GetAddrInfoReqWrap.onlookup [as oncomplete] (dns.js:76:26)
42 verbose cwd /home/linux/wuquanzhong/02.login
43 error Linux 4.4.0-93-generic
44 error argv "/home/linux/.nvm/versions/node/v6.11.2/bin/node" "/home/linux/.nvm/versions/node/v6.11.2/bin/npm" "install"
45 error node v6.11.2
46 error npm  v3.10.10
47 error code EAI_AGAIN
48 error errno EAI_AGAIN
49 error syscall getaddrinfo
50 error getaddrinfo EAI_AGAIN registry.npmjs.org:443
51 error If you need help, you may report this error at:
51 error     <https://github.com/npm/npm/issues>
52 verbose exit [ 1, true ]
